[INFO] run_id=cluster_B_node_02
[INFO] benchmark=SchedulerBench
[INFO] kernel=6.8.0
[INFO] starting benchmark

[METRIC] latency_ms=15.73 throughput=455 qps=1012
[METRIC] latency_ms=15.39 throughput=455 qps=1410
[METRIC] latency_ms=8.98 throughput=390 qps=1403
[METRIC] latency_ms=6.46 throughput=470 qps=1113
[METRIC] throughput=408 qps=1114
[METRIC] latency_ms=9.34 throughput=367 qps=1495
[METRIC] latency_ms=12.11 throughput=487 qps=1169
[METRIC] latency_ms=17.64 throughput=395 qps=1297
[METRIC] latency_ms=7.3 throughput=461 qps=1176
[METRIC] latency_ms=13.27 throughput=480 qps=1059
[METRIC] latency_ms=9.06 throughput=461 qps=1000
[METRIC] latency_ms=14.24 throughput=400 qps=1186
[METRIC] latency_ms=17.05 throughput=430 qps=1339
[METRIC] latency_ms=9.6 throughput=429 qps=1341
[METRIC] latency_ms=9.55 throughput=382 qps=1098
[METRIC] latency_ms=14.13 throughput=394 qps=1315

[INFO] benchmark complete
